2014/09/15 11:30:37 [error] [exception.CHttpException.404] exception 'CHttpException' with message 'Unable to resolve the request "projects".' in D:\yii-1.1.15\framework\web\CWebApplication.php:286
Stack trace:
#0 D:\yii-1.1.15\framework\web\CWebApplication.php(141): CWebApplication->runController('projects')
#1 D:\yii-1.1.15\framework\base\CApplication.php(180): CWebApplication->processRequest()
#2 D:\xampp\htdocs\yii-restful\index.php(13): CApplication->run()
#3 {main}
REQUEST_URI=/yii-restful/index.php/projects
---
2014/09/15 11:30:42 [error] [exception.CHttpException.404] exception 'CHttpException' with message 'The system is unable to find the requested action "1".' in D:\yii-1.1.15\framework\web\CController.php:483
Stack trace:
#0 D:\yii-1.1.15\framework\web\CController.php(270): CController->missingAction('1')
#1 D:\yii-1.1.15\framework\web\CWebApplication.php(282): CController->run('1')
#2 D:\yii-1.1.15\framework\web\CWebApplication.php(141): CWebApplication->runController('project/1')
#3 D:\yii-1.1.15\framework\base\CApplication.php(180): CWebApplication->processRequest()
#4 D:\xampp\htdocs\yii-restful\index.php(13): CApplication->run()
#5 {main}
REQUEST_URI=/yii-restful/index.php/project/1
---
2014/09/15 11:41:36 [error] [exception.CHttpException.404] exception 'CHttpException' with message 'Unable to resolve the request "projects".' in D:\yii-1.1.15\framework\web\CWebApplication.php:286
Stack trace:
#0 D:\yii-1.1.15\framework\web\CWebApplication.php(141): CWebApplication->runController('projects')
#1 D:\yii-1.1.15\framework\base\CApplication.php(180): CWebApplication->processRequest()
#2 D:\xampp\htdocs\yii-restful\index.php(13): CApplication->run()
#3 {main}
REQUEST_URI=/yii-restful/index.php/projects
---
